{"total": {"lines":{"total":29,"covered":1,"skipped":0,"pct":3.44},"statements":{"total":29,"covered":1,"skipped":0,"pct":3.44},"functions":{"total":12,"covered":1,"skipped":0,"pct":8.33},"branches":{"total":14,"covered":0,"skipped":0,"pct":0},"branchesTrue":{"total":0,"covered":0,"skipped":0,"pct":100}}
,"/Applications/Git/trybe github/trybe/projetos/projeto-app-receita/sd-030-a-project-recipes-app/src/App.js": {"lines":{"total":1,"covered":1,"skipped":0,"pct":100},"functions":{"total":1,"covered":1,"skipped":0,"pct":100},"statements":{"total":1,"covered":1,"skipped":0,"pct":100},"branches":{"total":0,"covered":0,"skipped":0,"pct":100}}
,"/Applications/Git/trybe github/trybe/projetos/projeto-app-receita/sd-030-a-project-recipes-app/src/components/Footer.jsx": {"lines":{"total":1,"covered":0,"skipped":0,"pct":0},"functions":{"total":1,"covered":0,"skipped":0,"pct":0},"statements":{"total":1,"covered":0,"skipped":0,"pct":0},"branches":{"total":0,"covered":0,"skipped":0,"pct":100}}
,"/Applications/Git/trybe github/trybe/projetos/projeto-app-receita/sd-030-a-project-recipes-app/src/components/Header.jsx": {"lines":{"total":15,"covered":0,"skipped":0,"pct":0},"functions":{"total":1,"covered":0,"skipped":0,"pct":0},"statements":{"total":15,"covered":0,"skipped":0,"pct":0},"branches":{"total":14,"covered":0,"skipped":0,"pct":0}}
,"/Applications/Git/trybe github/trybe/projetos/projeto-app-receita/sd-030-a-project-recipes-app/src/components/SearchBar.jsx": {"lines":{"total":1,"covered":0,"skipped":0,"pct":0},"functions":{"total":1,"covered":0,"skipped":0,"pct":0},"statements":{"total":1,"covered":0,"skipped":0,"pct":0},"branches":{"total":0,"covered":0,"skipped":0,"pct":100}}
,"/Applications/Git/trybe github/trybe/projetos/projeto-app-receita/sd-030-a-project-recipes-app/src/context/RecipeContext.jsx": {"lines":{"total":2,"covered":0,"skipped":0,"pct":0},"functions":{"total":0,"covered":0,"skipped":0,"pct":100},"statements":{"total":2,"covered":0,"skipped":0,"pct":0},"branches":{"total":0,"covered":0,"skipped":0,"pct":100}}
,"/Applications/Git/trybe github/trybe/projetos/projeto-app-receita/sd-030-a-project-recipes-app/src/context/RecipeProvider.jsx": {"lines":{"total":2,"covered":0,"skipped":0,"pct":0},"functions":{"total":1,"covered":0,"skipped":0,"pct":0},"statements":{"total":2,"covered":0,"skipped":0,"pct":0},"branches":{"total":0,"covered":0,"skipped":0,"pct":100}}
,"/Applications/Git/trybe github/trybe/projetos/projeto-app-receita/sd-030-a-project-recipes-app/src/pages/DoneRecipes.jsx": {"lines":{"total":1,"covered":0,"skipped":0,"pct":0},"functions":{"total":1,"covered":0,"skipped":0,"pct":0},"statements":{"total":1,"covered":0,"skipped":0,"pct":0},"branches":{"total":0,"covered":0,"skipped":0,"pct":100}}
,"/Applications/Git/trybe github/trybe/projetos/projeto-app-receita/sd-030-a-project-recipes-app/src/pages/FavoriteRecipes.jsx": {"lines":{"total":1,"covered":0,"skipped":0,"pct":0},"functions":{"total":1,"covered":0,"skipped":0,"pct":0},"statements":{"total":1,"covered":0,"skipped":0,"pct":0},"branches":{"total":0,"covered":0,"skipped":0,"pct":100}}
,"/Applications/Git/trybe github/trybe/projetos/projeto-app-receita/sd-030-a-project-recipes-app/src/pages/Login.jsx": {"lines":{"total":1,"covered":0,"skipped":0,"pct":0},"functions":{"total":1,"covered":0,"skipped":0,"pct":0},"statements":{"total":1,"covered":0,"skipped":0,"pct":0},"branches":{"total":0,"covered":0,"skipped":0,"pct":100}}
,"/Applications/Git/trybe github/trybe/projetos/projeto-app-receita/sd-030-a-project-recipes-app/src/pages/Profile.jsx": {"lines":{"total":1,"covered":0,"skipped":0,"pct":0},"functions":{"total":1,"covered":0,"skipped":0,"pct":0},"statements":{"total":1,"covered":0,"skipped":0,"pct":0},"branches":{"total":0,"covered":0,"skipped":0,"pct":100}}
,"/Applications/Git/trybe github/trybe/projetos/projeto-app-receita/sd-030-a-project-recipes-app/src/pages/RecipeDetails.jsx": {"lines":{"total":1,"covered":0,"skipped":0,"pct":0},"functions":{"total":1,"covered":0,"skipped":0,"pct":0},"statements":{"total":1,"covered":0,"skipped":0,"pct":0},"branches":{"total":0,"covered":0,"skipped":0,"pct":100}}
,"/Applications/Git/trybe github/trybe/projetos/projeto-app-receita/sd-030-a-project-recipes-app/src/pages/RecipeInProgress.jsx": {"lines":{"total":1,"covered":0,"skipped":0,"pct":0},"functions":{"total":1,"covered":0,"skipped":0,"pct":0},"statements":{"total":1,"covered":0,"skipped":0,"pct":0},"branches":{"total":0,"covered":0,"skipped":0,"pct":100}}
,"/Applications/Git/trybe github/trybe/projetos/projeto-app-receita/sd-030-a-project-recipes-app/src/pages/Recipes.jsx": {"lines":{"total":1,"covered":0,"skipped":0,"pct":0},"functions":{"total":1,"covered":0,"skipped":0,"pct":0},"statements":{"total":1,"covered":0,"skipped":0,"pct":0},"branches":{"total":0,"covered":0,"skipped":0,"pct":100}}
,"/Applications/Git/trybe github/trybe/projetos/projeto-app-receita/sd-030-a-project-recipes-app/src/services/fetchAPI.js": {"lines":{"total":0,"covered":0,"skipped":0,"pct":100},"functions":{"total":0,"covered":0,"skipped":0,"pct":100},"statements":{"total":0,"covered":0,"skipped":0,"pct":100},"branches":{"total":0,"covered":0,"skipped":0,"pct":100}}
}
